0 info it worked if it ends with ok
1 verbose cli [ 'C:\\Program Files\\nodejs\\node.exe',
1 verbose cli   'C:\\Program Files\\nodejs\\node_modules\\npm\\bin\\npm-cli.js',
1 verbose cli   'start' ]
2 info using npm@3.10.10
3 info using node@v6.10.0
4 verbose run-script [ 'prestart', 'start', 'poststart' ]
5 info lifecycle androidstorm@1.0.0~prestart: androidstorm@1.0.0
6 verbose lifecycle androidstorm@1.0.0~prestart: unsafe-perm in lifecycle true
7 verbose lifecycle androidstorm@1.0.0~prestart: PATH: C:\Program Files\nodejs\node_modules\npm\bin\node-gyp-bin;C:\Users\Montoo\Documents\Projects\AsteroidStorm\node_modules\.bin;C:\Program Files (x86)\NVIDIA Corporation\PhysX\Common;C:\ProgramData\Oracle\Java\javapath;C:\Program Files (x86)\AMD APP\bin\x86_64;C:\Program Files (x86)\AMD APP\bin\x86;C:\WINDOWS\system32;C:\WINDOWS;C:\WINDOWS\System32\Wbem;C:\WINDOWS\System32\WindowsPowerShell\v1.0\;C:\Program Files (x86)\ATI Technologies\ATI.ACE\Core-Static;C:\Program Files (x86)\AMD\ATI.ACE\Core-Static;C:\Program Files\Microsoft SQL Server\110\Tools\Binn\;C:\Program Files\Microsoft SQL Server\120\Tools\Binn\;C:\Program Files (x86)\Windows Kits\8.1\Windows Performance Toolkit\;C:\Program Files\Microsoft\Web Platform Installer\;C:\Program Files (x86)\Microsoft SQL Server\100\Tools\Binn\;C:\Program Files\Microsoft SQL Server\100\Tools\Binn\;C:\Program Files\Microsoft SQL Server\100\DTS\Binn\;C:\Program Files (x86)\Microsoft ASP.NET\ASP.NET Web Pages\v1.0\;C:\Program Files (x86)\Skype\Phone\;C:\Program Files\Git\cmd;C:\Program Files\nodejs\;C:\Users\Montoo\AppData\Local\Microsoft\WindowsApps;C:\Users\Montoo\AppData\Local\atom\bin;C:\Users\Montoo\AppData\Roaming\npm
8 verbose lifecycle androidstorm@1.0.0~prestart: CWD: C:\Users\Montoo\Documents\Projects\AsteroidStorm
9 silly lifecycle androidstorm@1.0.0~prestart: Args: [ '/d /s /c', 'npm install' ]
10 silly lifecycle androidstorm@1.0.0~prestart: Returned: code: 0  signal: null
11 info lifecycle androidstorm@1.0.0~start: androidstorm@1.0.0
12 verbose lifecycle androidstorm@1.0.0~start: unsafe-perm in lifecycle true
13 verbose lifecycle androidstorm@1.0.0~start: PATH: C:\Program Files\nodejs\node_modules\npm\bin\node-gyp-bin;C:\Users\Montoo\Documents\Projects\AsteroidStorm\node_modules\.bin;C:\Program Files (x86)\NVIDIA Corporation\PhysX\Common;C:\ProgramData\Oracle\Java\javapath;C:\Program Files (x86)\AMD APP\bin\x86_64;C:\Program Files (x86)\AMD APP\bin\x86;C:\WINDOWS\system32;C:\WINDOWS;C:\WINDOWS\System32\Wbem;C:\WINDOWS\System32\WindowsPowerShell\v1.0\;C:\Program Files (x86)\ATI Technologies\ATI.ACE\Core-Static;C:\Program Files (x86)\AMD\ATI.ACE\Core-Static;C:\Program Files\Microsoft SQL Server\110\Tools\Binn\;C:\Program Files\Microsoft SQL Server\120\Tools\Binn\;C:\Program Files (x86)\Windows Kits\8.1\Windows Performance Toolkit\;C:\Program Files\Microsoft\Web Platform Installer\;C:\Program Files (x86)\Microsoft SQL Server\100\Tools\Binn\;C:\Program Files\Microsoft SQL Server\100\Tools\Binn\;C:\Program Files\Microsoft SQL Server\100\DTS\Binn\;C:\Program Files (x86)\Microsoft ASP.NET\ASP.NET Web Pages\v1.0\;C:\Program Files (x86)\Skype\Phone\;C:\Program Files\Git\cmd;C:\Program Files\nodejs\;C:\Users\Montoo\AppData\Local\Microsoft\WindowsApps;C:\Users\Montoo\AppData\Local\atom\bin;C:\Users\Montoo\AppData\Roaming\npm
14 verbose lifecycle androidstorm@1.0.0~start: CWD: C:\Users\Montoo\Documents\Projects\AsteroidStorm
15 silly lifecycle androidstorm@1.0.0~start: Args: [ '/d /s /c', 'http-server .' ]
16 silly lifecycle androidstorm@1.0.0~start: Returned: code: 3221225786  signal: null
17 info lifecycle androidstorm@1.0.0~start: Failed to exec start script
18 verbose stack Error: androidstorm@1.0.0 start: `http-server .`
18 verbose stack Exit status 3221225786
18 verbose stack     at EventEmitter.<anonymous> (C:\Program Files\nodejs\node_modules\npm\lib\utils\lifecycle.js:255:16)
18 verbose stack     at emitTwo (events.js:106:13)
18 verbose stack     at EventEmitter.emit (events.js:191:7)
18 verbose stack     at ChildProcess.<anonymous> (C:\Program Files\nodejs\node_modules\npm\lib\utils\spawn.js:40:14)
18 verbose stack     at emitTwo (events.js:106:13)
18 verbose stack     at ChildProcess.emit (events.js:191:7)
18 verbose stack     at maybeClose (internal/child_process.js:877:16)
18 verbose stack     at Process.ChildProcess._handle.onexit (internal/child_process.js:226:5)
19 verbose pkgid androidstorm@1.0.0
20 verbose cwd C:\Users\Montoo\Documents\Projects\AsteroidStorm
21 error Windows_NT 10.0.14393
22 error argv "C:\\Program Files\\nodejs\\node.exe" "C:\\Program Files\\nodejs\\node_modules\\npm\\bin\\npm-cli.js" "start"
23 error node v6.10.0
24 error npm  v3.10.10
25 error code ELIFECYCLE
26 error androidstorm@1.0.0 start: `http-server .`
26 error Exit status 3221225786
27 error Failed at the androidstorm@1.0.0 start script 'http-server .'.
27 error Make sure you have the latest version of node.js and npm installed.
27 error If you do, this is most likely a problem with the androidstorm package,
27 error not with npm itself.
27 error Tell the author that this fails on your system:
27 error     http-server .
27 error You can get information on how to open an issue for this project with:
27 error     npm bugs androidstorm
27 error Or if that isn't available, you can get their info via:
27 error     npm owner ls androidstorm
27 error There is likely additional logging output above.
28 verbose exit [ 1, true ]
